{"level":"info","message":"::1 Wed, 23 Mar 2022 17:48:25 GMT POST HTTP/ 1.1 /v1/managers 400 TTM 25.727 ms TRT 58.013 ms 104 PostmanRuntime/7.29.0\n"}
{"level":"info","message":"::1 Thu, 24 Mar 2022 14:03:24 GMT GET HTTP/ 1.1 /auth/admin 404 TTM 2.398 ms TRT 22.578 ms 149 PostmanRuntime/7.29.0\n"}
{"level":"info","message":"::1 Thu, 24 Mar 2022 14:07:42 GMT POST HTTP/ 1.1 /auth/admin 200 TTM 146.640 ms TRT 147.761 ms 315 PostmanRuntime/7.29.0\n"}
{"level":"info","message":"::1 Thu, 24 Mar 2022 14:11:36 GMT POST HTTP/ 1.1 /auth/admin 200 TTM 228.429 ms TRT 240.276 ms 315 PostmanRuntime/7.29.0\n"}
{"level":"info","message":"::1 Thu, 24 Mar 2022 14:12:08 GMT POST HTTP/ 1.1 /auth/admin 400 TTM 154.625 ms TRT 162.331 ms 32 PostmanRuntime/7.29.0\n"}
{"level":"info","message":"::1 Thu, 24 Mar 2022 14:14:53 GMT POST HTTP/ 1.1 /auth/admin 404 TTM 352.089 ms TRT 382.544 ms 110 PostmanRuntime/7.29.0\n"}
{"level":"info","message":"::1 Thu, 24 Mar 2022 14:15:51 GMT POST HTTP/ 1.1 /auth/admin 200 TTM 274.589 ms TRT 281.209 ms 315 PostmanRuntime/7.29.0\n"}
{"level":"info","message":"::1 Thu, 24 Mar 2022 14:16:18 GMT GET HTTP/ 1.1 /v1/branches 200 TTM 96.984 ms TRT 97.754 ms 350 PostmanRuntime/7.29.0\n"}
{"level":"info","message":"::1 Thu, 24 Mar 2022 14:16:39 GMT POST HTTP/ 1.1 /v1/branches 400 TTM 17.124 ms TRT 17.829 ms 90 PostmanRuntime/7.29.0\n"}
{"level":"info","message":"::1 Thu, 24 Mar 2022 14:17:33 GMT POST HTTP/ 1.1 /v1/branches 400 TTM 7.258 ms TRT 7.853 ms 106 PostmanRuntime/7.29.0\n"}
{"level":"info","message":"::1 Thu, 24 Mar 2022 14:56:25 GMT POST HTTP/ 1.1 /v1/branches 201 TTM 94.873 ms TRT 110.332 ms 61 PostmanRuntime/7.29.0\n"}
{"level":"info","message":"::1 Thu, 24 Mar 2022 14:56:53 GMT POST HTTP/ 1.1 /v1/branches 201 TTM 43.931 ms TRT 48.103 ms 61 PostmanRuntime/7.29.0\n"}
{"level":"info","message":"::1 Thu, 24 Mar 2022 15:50:17 GMT POST HTTP/ 1.1 /v1/branches 201 TTM 88.034 ms TRT 108.256 ms 61 PostmanRuntime/7.29.0\n"}
{"level":"info","message":"::1 Thu, 24 Mar 2022 15:50:50 GMT POST HTTP/ 1.1 /v1/branches 201 TTM 134.786 ms TRT 141.902 ms 61 PostmanRuntime/7.29.0\n"}
{"level":"info","message":"::1 Thu, 24 Mar 2022 15:54:35 GMT POST HTTP/ 1.1 /v1/branches 201 TTM 112.373 ms TRT 119.340 ms 61 PostmanRuntime/7.29.0\n"}
{"level":"info","message":"::1 Thu, 24 Mar 2022 15:55:23 GMT POST HTTP/ 1.1 /v1/branches 201 TTM 169.151 ms TRT 249.118 ms 61 PostmanRuntime/7.29.0\n"}
{"level":"info","message":"::1 Thu, 24 Mar 2022 15:56:22 GMT POST HTTP/ 1.1 /v1/branches 201 TTM 104.441 ms TRT 159.299 ms 61 PostmanRuntime/7.29.0\n"}
{"level":"info","message":"::1 Thu, 24 Mar 2022 15:59:31 GMT POST HTTP/ 1.1 /v1/branches 201 TTM 136.650 ms TRT 191.151 ms 61 PostmanRuntime/7.29.0\n"}
{"level":"info","message":"::1 Thu, 24 Mar 2022 16:45:50 GMT POST HTTP/ 1.1 /v1/branches 201 TTM 91.294 ms TRT 96.918 ms 356 PostmanRuntime/7.29.0\n"}
{"level":"info","message":"::1 Thu, 24 Mar 2022 16:45:59 GMT POST HTTP/ 1.1 /v1/branches 201 TTM 26.319 ms TRT 28.440 ms 356 PostmanRuntime/7.29.0\n"}
{"level":"info","message":"::1 Thu, 24 Mar 2022 16:47:23 GMT POST HTTP/ 1.1 /v1/branches 201 TTM 147.298 ms TRT 159.654 ms 356 PostmanRuntime/7.29.0\n"}
{"level":"info","message":"::1 Thu, 24 Mar 2022 16:48:31 GMT POST HTTP/ 1.1 /v1/branches 400 TTM 77.644 ms TRT 97.451 ms 114 PostmanRuntime/7.29.0\n"}
{"level":"info","message":"::1 Thu, 24 Mar 2022 16:48:52 GMT POST HTTP/ 1.1 /v1/branches 400 TTM 64.275 ms TRT 71.486 ms 114 PostmanRuntime/7.29.0\n"}
{"level":"info","message":"::1 Thu, 24 Mar 2022 16:49:44 GMT POST HTTP/ 1.1 /v1/branches 400 TTM 127.415 ms TRT 152.627 ms 114 PostmanRuntime/7.29.0\n"}
{"level":"info","message":"::1 Thu, 24 Mar 2022 16:50:19 GMT POST HTTP/ 1.1 /v1/branches 400 TTM 249.522 ms TRT 271.975 ms 114 PostmanRuntime/7.29.0\n"}
{"level":"info","message":"::1 Thu, 24 Mar 2022 16:52:12 GMT POST HTTP/ 1.1 /v1/branches 400 TTM 227.640 ms TRT 235.642 ms 114 PostmanRuntime/7.29.0\n"}
{"level":"info","message":"::1 Thu, 24 Mar 2022 16:52:53 GMT POST HTTP/ 1.1 /v1/branches 400 TTM 160.148 ms TRT 167.588 ms 114 PostmanRuntime/7.29.0\n"}
{"level":"info","message":"::1 Thu, 24 Mar 2022 16:54:08 GMT POST HTTP/ 1.1 /v1/branches 400 TTM 56.399 ms TRT 62.142 ms 114 PostmanRuntime/7.29.0\n"}
{"level":"info","message":"::1 Thu, 24 Mar 2022 16:54:25 GMT POST HTTP/ 1.1 /v1/branches 400 TTM 91.923 ms TRT 100.827 ms 114 PostmanRuntime/7.29.0\n"}
{"level":"info","message":"::1 Thu, 24 Mar 2022 16:56:16 GMT POST HTTP/ 1.1 /v1/branches 400 TTM 69.670 ms TRT 74.716 ms 114 PostmanRuntime/7.29.0\n"}
{"level":"info","message":"::1 Thu, 24 Mar 2022 16:56:39 GMT POST HTTP/ 1.1 /v1/branches 400 TTM 186.340 ms TRT 241.840 ms 114 PostmanRuntime/7.29.0\n"}
{"level":"info","message":"::1 Thu, 24 Mar 2022 16:58:03 GMT POST HTTP/ 1.1 /v1/branches 400 TTM 241.884 ms TRT 258.756 ms 114 PostmanRuntime/7.29.0\n"}
{"level":"info","message":"::1 Thu, 24 Mar 2022 16:58:28 GMT POST HTTP/ 1.1 /v1/branches 400 TTM 45.232 ms TRT 51.800 ms 114 PostmanRuntime/7.29.0\n"}
{"level":"info","message":"::1 Thu, 24 Mar 2022 16:59:02 GMT POST HTTP/ 1.1 /v1/branches 400 TTM 169.675 ms TRT 210.416 ms 114 PostmanRuntime/7.29.0\n"}
{"level":"info","message":"::1 Thu, 24 Mar 2022 17:00:28 GMT POST HTTP/ 1.1 /v1/branches 400 TTM 251.608 ms TRT 264.005 ms 114 PostmanRuntime/7.29.0\n"}
{"level":"info","message":"::1 Thu, 24 Mar 2022 17:01:17 GMT POST HTTP/ 1.1 /v1/branches 400 TTM 248.484 ms TRT 256.621 ms 114 PostmanRuntime/7.29.0\n"}
{"level":"info","message":"::1 Thu, 24 Mar 2022 17:02:59 GMT POST HTTP/ 1.1 /v1/branches 400 TTM 178.214 ms TRT 187.806 ms 114 PostmanRuntime/7.29.0\n"}
{"level":"info","message":"::1 Thu, 24 Mar 2022 17:04:25 GMT POST HTTP/ 1.1 /v1/branches 400 TTM 163.338 ms TRT 197.870 ms 114 PostmanRuntime/7.29.0\n"}
{"level":"info","message":"::1 Thu, 24 Mar 2022 17:05:00 GMT POST HTTP/ 1.1 /v1/branches 400 TTM 101.583 ms TRT 102.905 ms 114 PostmanRuntime/7.29.0\n"}
{"level":"info","message":"::1 Thu, 24 Mar 2022 17:05:56 GMT POST HTTP/ 1.1 /v1/branches 400 TTM 109.738 ms TRT 110.371 ms 114 PostmanRuntime/7.29.0\n"}
{"level":"info","message":"::1 Thu, 24 Mar 2022 17:06:45 GMT POST HTTP/ 1.1 /v1/branches 400 TTM 124.557 ms TRT 179.498 ms 114 PostmanRuntime/7.29.0\n"}
{"level":"info","message":"::1 Thu, 24 Mar 2022 17:07:50 GMT POST HTTP/ 1.1 /v1/branches 400 TTM 43.848 ms TRT 54.133 ms 114 PostmanRuntime/7.29.0\n"}
{"level":"info","message":"::1 Thu, 24 Mar 2022 17:08:09 GMT POST HTTP/ 1.1 /v1/branches 400 TTM 190.018 ms TRT 199.837 ms 114 PostmanRuntime/7.29.0\n"}
{"level":"info","message":"::1 Thu, 24 Mar 2022 17:13:05 GMT POST HTTP/ 1.1 /v1/branches 201 TTM 129.274 ms TRT 150.595 ms 357 PostmanRuntime/7.29.0\n"}
{"level":"info","message":"::1 Thu, 24 Mar 2022 17:13:10 GMT POST HTTP/ 1.1 /v1/branches 400 TTM 197.095 ms TRT 203.978 ms 114 PostmanRuntime/7.29.0\n"}
{"level":"info","message":"::1 Thu, 24 Mar 2022 17:15:00 GMT POST HTTP/ 1.1 /v1/branches 201 TTM 70.422 ms TRT 75.189 ms 359 PostmanRuntime/7.29.0\n"}
{"level":"info","message":"::1 Thu, 24 Mar 2022 17:15:03 GMT POST HTTP/ 1.1 /v1/branches 400 TTM 28.130 ms TRT 29.052 ms 114 PostmanRuntime/7.29.0\n"}
{"level":"info","message":"::1 Thu, 24 Mar 2022 17:15:18 GMT POST HTTP/ 1.1 /v1/branches 400 TTM 19.386 ms TRT 19.985 ms 114 PostmanRuntime/7.29.0\n"}
{"level":"info","message":"::1 Thu, 24 Mar 2022 17:15:24 GMT POST HTTP/ 1.1 /v1/branches 201 TTM 66.018 ms TRT 66.439 ms 360 PostmanRuntime/7.29.0\n"}
{"level":"info","message":"::1 Thu, 24 Mar 2022 17:15:26 GMT POST HTTP/ 1.1 /v1/branches 400 TTM 62.701 ms TRT 64.478 ms 118 PostmanRuntime/7.29.0\n"}
{"level":"info","message":"::1 Thu, 24 Mar 2022 17:22:56 GMT GET HTTP/ 1.1 /v1/branches 200 TTM 17.766 ms TRT 18.412 ms 961 PostmanRuntime/7.29.0\n"}
{"level":"info","message":"::1 Fri, 25 Mar 2022 02:19:51 GMT GET HTTP/ 1.1 /v1/branches/623ca6a12b0f68cbd273e7c8 200 TTM 149.611 ms TRT 152.615 ms 348 PostmanRuntime/7.29.0\n"}
{"level":"info","message":"::1 Fri, 25 Mar 2022 02:20:59 GMT GET HTTP/ 1.1 /v1/branches/623ca6a12b0f68cbd273e7c8 200 TTM 12.372 ms TRT 13.017 ms 348 PostmanRuntime/7.29.0\n"}
{"level":"info","message":"::1 Fri, 25 Mar 2022 02:21:18 GMT PATCH HTTP/ 1.1 /v1/branches/623ca6a12b0f68cbd273e7c8 200 TTM 108.347 ms TRT 109.254 ms 318 PostmanRuntime/7.29.0\n"}
{"level":"info","message":"::1 Fri, 25 Mar 2022 02:23:31 GMT PATCH HTTP/ 1.1 /v1/branches/623ca6a12b0f68cbd273e7c8 200 TTM 48.006 ms TRT 60.679 ms 53 PostmanRuntime/7.29.0\n"}
{"level":"info","message":"::1 Fri, 25 Mar 2022 02:32:28 GMT PATCH HTTP/ 1.1 /v1/branches/623ca6a12b0f68cbd273e7c8 200 TTM 46.011 ms TRT 46.895 ms 53 PostmanRuntime/7.29.0\n"}
{"level":"info","message":"::1 Fri, 25 Mar 2022 02:39:05 GMT PATCH HTTP/ 1.1 /v1/branches/623ca6a12b0f68cbd273e7c8 200 TTM 37.378 ms TRT 44.411 ms 53 PostmanRuntime/7.29.0\n"}
{"level":"info","message":"::1 Fri, 25 Mar 2022 02:39:56 GMT PATCH HTTP/ 1.1 /v1/branches/623ca6a12b0f68cbd273e7c8 200 TTM 85.451 ms TRT 92.275 ms 53 PostmanRuntime/7.29.0\n"}
{"level":"info","message":"::1 Fri, 25 Mar 2022 02:40:58 GMT PATCH HTTP/ 1.1 /v1/branches/623ca6a12b0f68cbd273e7c8 200 TTM 150.382 ms TRT 220.512 ms 53 PostmanRuntime/7.29.0\n"}
{"level":"info","message":"::1 Fri, 25 Mar 2022 02:44:21 GMT PATCH HTTP/ 1.1 /v1/branches/623ca6a12b0f68cbd273e7c8 400 TTM 147.308 ms TRT 204.426 ms 114 PostmanRuntime/7.29.0\n"}
{"level":"info","message":"::1 Fri, 25 Mar 2022 02:45:47 GMT PATCH HTTP/ 1.1 /v1/branches/623ca6a12b0f68cbd273e7c8 400 TTM 174.841 ms TRT 210.523 ms 114 PostmanRuntime/7.29.0\n"}
{"level":"info","message":"::1 Fri, 25 Mar 2022 02:46:51 GMT PATCH HTTP/ 1.1 /v1/branches/623ca6a12b0f68cbd273e7c8 400 TTM 118.019 ms TRT 123.951 ms 114 PostmanRuntime/7.29.0\n"}
{"level":"info","message":"::1 Fri, 25 Mar 2022 02:47:20 GMT PATCH HTTP/ 1.1 /v1/branches/623ca6a12b0f68cbd273e7c8 400 TTM 100.102 ms TRT 125.740 ms 114 PostmanRuntime/7.29.0\n"}
{"level":"info","message":"::1 Fri, 25 Mar 2022 02:47:59 GMT PATCH HTTP/ 1.1 /v1/branches/623ca6a12b0f68cbd273e7c8 400 TTM 56.172 ms TRT 67.846 ms 114 PostmanRuntime/7.29.0\n"}
{"level":"info","message":"::1 Fri, 25 Mar 2022 02:48:26 GMT PATCH HTTP/ 1.1 /v1/branches/623ca6a12b0f68cbd273e7c8 400 TTM 50.362 ms TRT 56.295 ms 114 PostmanRuntime/7.29.0\n"}
{"level":"info","message":"::1 Fri, 25 Mar 2022 02:48:57 GMT PATCH HTTP/ 1.1 /v1/branches/623ca6a12b0f68cbd273e7c8 400 TTM 193.901 ms TRT 206.172 ms 114 PostmanRuntime/7.29.0\n"}
{"level":"info","message":"::1 Fri, 25 Mar 2022 02:49:56 GMT PATCH HTTP/ 1.1 /v1/branches/623ca6a12b0f68cbd273e7c8 400 TTM 75.468 ms TRT 79.562 ms 114 PostmanRuntime/7.29.0\n"}
{"level":"info","message":"::1 Fri, 25 Mar 2022 02:50:28 GMT PATCH HTTP/ 1.1 /v1/branches/623ca6a12b0f68cbd273e7c8 400 TTM 52.977 ms TRT 59.607 ms 114 PostmanRuntime/7.29.0\n"}
{"level":"info","message":"::1 Fri, 25 Mar 2022 02:50:47 GMT PATCH HTTP/ 1.1 /v1/branches/623ca6a12b0f68cbd273e7c8 400 TTM 125.103 ms TRT 135.820 ms 114 PostmanRuntime/7.29.0\n"}
{"level":"info","message":"::1 Fri, 25 Mar 2022 02:51:24 GMT PATCH HTTP/ 1.1 /v1/branches/623ca6a12b0f68cbd273e7c8 400 TTM 255.296 ms TRT 273.093 ms 114 PostmanRuntime/7.29.0\n"}
{"level":"info","message":"::1 Fri, 25 Mar 2022 02:52:18 GMT PATCH HTTP/ 1.1 /v1/branches/623ca6a12b0f68cbd273e7c8 200 TTM 51.918 ms TRT 55.894 ms 53 PostmanRuntime/7.29.0\n"}
{"level":"info","message":"::1 Fri, 25 Mar 2022 02:54:40 GMT PATCH HTTP/ 1.1 /v1/branches/623ca6a12b0f68cbd273e7c8 200 TTM 129.963 ms TRT 157.072 ms 318 PostmanRuntime/7.29.0\n"}
{"level":"info","message":"::1 Fri, 25 Mar 2022 02:56:53 GMT PATCH HTTP/ 1.1 /v1/branches/623ca6a12b0f68cbd273e7c8 400 TTM 45.874 ms TRT 52.714 ms 114 PostmanRuntime/7.29.0\n"}
{"level":"info","message":"::1 Fri, 25 Mar 2022 02:57:20 GMT DELETE HTTP/ 1.1 /v1/branches/623ca6a12b0f68cbd273e7c8 200 TTM 35.043 ms TRT 35.650 ms 53 PostmanRuntime/7.29.0\n"}
{"level":"info","message":"::1 Fri, 25 Mar 2022 02:57:27 GMT POST HTTP/ 1.1 /v1/branches/623ca6a12b0f68cbd273e7c8 404 TTM 4.384 ms TRT 4.850 ms 176 PostmanRuntime/7.29.0\n"}
{"level":"info","message":"::1 Fri, 25 Mar 2022 02:57:34 GMT POST HTTP/ 1.1 /v1/branches/ 400 TTM 27.891 ms TRT 29.089 ms 114 PostmanRuntime/7.29.0\n"}
{"level":"info","message":"::1 Fri, 25 Mar 2022 03:00:09 GMT POST HTTP/ 1.1 /v1/branches/ 400 TTM 87.704 ms TRT 121.248 ms 114 PostmanRuntime/7.29.0\n"}
{"level":"info","message":"::1 Fri, 25 Mar 2022 03:00:52 GMT POST HTTP/ 1.1 /v1/branches/ 400 TTM 62.810 ms TRT 63.927 ms 114 PostmanRuntime/7.29.0\n"}
{"level":"info","message":"::1 Fri, 25 Mar 2022 03:02:42 GMT POST HTTP/ 1.1 /v1/branches/ 201 TTM 89.033 ms TRT 99.521 ms 360 PostmanRuntime/7.29.0\n"}
{"level":"info","message":"::1 Fri, 25 Mar 2022 03:02:51 GMT POST HTTP/ 1.1 /v1/branches/ 400 TTM 25.870 ms TRT 26.818 ms 118 PostmanRuntime/7.29.0\n"}
{"level":"info","message":"::1 Fri, 25 Mar 2022 03:03:19 GMT GET HTTP/ 1.1 /v1/branches/623d30d295e0ff1175c1f171 200 TTM 56.334 ms TRT 56.722 ms 351 PostmanRuntime/7.29.0\n"}
{"level":"info","message":"::1 Fri, 25 Mar 2022 03:03:24 GMT DELETE HTTP/ 1.1 /v1/branches/623d30d295e0ff1175c1f171 200 TTM 39.163 ms TRT 39.518 ms 53 PostmanRuntime/7.29.0\n"}
{"level":"info","message":"::1 Fri, 25 Mar 2022 03:03:40 GMT POST HTTP/ 1.1 /v1/branches 400 TTM 17.206 ms TRT 17.930 ms 114 PostmanRuntime/7.29.0\n"}
{"level":"info","message":"::1 Fri, 25 Mar 2022 03:05:41 GMT POST HTTP/ 1.1 /v1/branches 201 TTM 28.394 ms TRT 29.232 ms 360 PostmanRuntime/7.29.0\n"}
{"level":"info","message":"::1 Fri, 25 Mar 2022 03:06:51 GMT PATCH HTTP/ 1.1 /v1/branches/623d318595e0ff1175c1f181 400 TTM 34.472 ms TRT 35.226 ms 114 PostmanRuntime/7.29.0\n"}
{"level":"info","message":"::1 Fri, 25 Mar 2022 03:08:00 GMT PATCH HTTP/ 1.1 /v1/branches/623d318595e0ff1175c1f181 200 TTM 82.962 ms TRT 83.717 ms 362 PostmanRuntime/7.29.0\n"}
{"level":"info","message":"::1 Fri, 25 Mar 2022 03:08:08 GMT PATCH HTTP/ 1.1 /v1/branches/623d318595e0ff1175c1f181 200 TTM 125.188 ms TRT 127.345 ms 362 PostmanRuntime/7.29.0\n"}
{"level":"info","message":"::1 Fri, 25 Mar 2022 03:08:43 GMT PATCH HTTP/ 1.1 /v1/branches/623d318595e0ff1175c1f181 400 TTM 65.067 ms TRT 73.901 ms 114 PostmanRuntime/7.29.0\n"}
{"level":"info","message":"::1 Fri, 25 Mar 2022 03:20:37 GMT POST HTTP/ 1.1 /v1/managers 400 TTM 156.343 ms TRT 170.158 ms 116 PostmanRuntime/7.29.0\n"}
{"level":"info","message":"::1 Fri, 25 Mar 2022 03:20:52 GMT POST HTTP/ 1.1 /v1/managers 201 TTM 203.769 ms TRT 204.392 ms 224 PostmanRuntime/7.29.0\n"}
{"level":"info","message":"::1 Fri, 25 Mar 2022 03:28:04 GMT POST HTTP/ 1.1 /v1/managers 400 TTM 259.259 ms TRT 267.210 ms 118 PostmanRuntime/7.29.0\n"}
{"level":"info","message":"::1 Fri, 25 Mar 2022 04:00:08 GMT POST HTTP/ 1.1 /v1/managers 400 TTM 95.992 ms TRT 142.469 ms 118 PostmanRuntime/7.29.0\n"}
{"level":"info","message":"::1 Fri, 25 Mar 2022 04:00:50 GMT POST HTTP/ 1.1 /v1/managers 400 TTM 17.538 ms TRT 25.393 ms 106 PostmanRuntime/7.29.0\n"}
{"level":"info","message":"::1 Fri, 25 Mar 2022 04:01:13 GMT POST HTTP/ 1.1 /v1/managers 400 TTM 9.512 ms TRT 10.515 ms 106 PostmanRuntime/7.29.0\n"}
{"level":"info","message":"::1 Fri, 25 Mar 2022 04:01:25 GMT POST HTTP/ 1.1 /v1/managers 201 TTM 194.731 ms TRT 195.164 ms 225 PostmanRuntime/7.29.0\n"}
{"level":"info","message":"::1 Fri, 25 Mar 2022 04:01:28 GMT POST HTTP/ 1.1 /v1/managers 400 TTM 83.813 ms TRT 87.502 ms 118 PostmanRuntime/7.29.0\n"}
{"level":"info","message":"::1 Fri, 25 Mar 2022 04:01:53 GMT POST HTTP/ 1.1 /v1/managers 400 TTM 37.187 ms TRT 37.841 ms 118 PostmanRuntime/7.29.0\n"}
{"level":"info","message":"::1 Fri, 25 Mar 2022 04:01:58 GMT POST HTTP/ 1.1 /v1/managers 201 TTM 116.997 ms TRT 117.425 ms 218 PostmanRuntime/7.29.0\n"}
{"level":"info","message":"::1 Fri, 25 Mar 2022 04:02:08 GMT GET HTTP/ 1.1 /v1/managers 200 TTM 7.925 ms TRT 8.320 ms 573 PostmanRuntime/7.29.0\n"}
{"level":"info","message":"::1 Fri, 25 Mar 2022 04:02:31 GMT PATCH HTTP/ 1.1 /v1/managers/623d3513522042c0d1657936 200 TTM 25.655 ms TRT 26.705 ms 302 PostmanRuntime/7.29.0\n"}
{"level":"info","message":"::1 Fri, 25 Mar 2022 04:03:05 GMT PATCH HTTP/ 1.1 /v1/managers/623d3513522042c0d1657936 200 TTM 15.827 ms TRT 16.452 ms 309 PostmanRuntime/7.29.0\n"}
{"level":"info","message":"::1 Fri, 25 Mar 2022 04:04:09 GMT PATCH HTTP/ 1.1 /v1/managers/623d3513522042c0d1657936 400 TTM 47.509 ms TRT 57.829 ms 116 PostmanRuntime/7.29.0\n"}
{"level":"info","message":"::1 Fri, 25 Mar 2022 04:05:21 GMT GET HTTP/ 1.1 /v1/managers/623d3513522042c0d1657936 200 TTM 9.415 ms TRT 10.059 ms 298 PostmanRuntime/7.29.0\n"}
{"level":"info","message":"::1 Fri, 25 Mar 2022 04:05:39 GMT GET HTTP/ 1.1 /v1/managers/623d3513522042c0d1657936 200 TTM 11.661 ms TRT 12.396 ms 298 PostmanRuntime/7.29.0\n"}
{"level":"info","message":"::1 Fri, 25 Mar 2022 04:05:45 GMT PATCH HTTP/ 1.1 /v1/managers/623d3513522042c0d1657936 400 TTM 13.287 ms TRT 13.762 ms 116 PostmanRuntime/7.29.0\n"}
{"level":"info","message":"::1 Fri, 25 Mar 2022 04:06:27 GMT PATCH HTTP/ 1.1 /v1/managers/623d3513522042c0d1657936 400 TTM 112.924 ms TRT 182.252 ms 116 PostmanRuntime/7.29.0\n"}
{"level":"info","message":"::1 Fri, 25 Mar 2022 04:10:46 GMT PATCH HTTP/ 1.1 /v1/managers/623d3513522042c0d1657936 200 TTM 62.095 ms TRT 67.302 ms 309 PostmanRuntime/7.29.0\n"}
{"level":"info","message":"::1 Fri, 25 Mar 2022 04:11:03 GMT PATCH HTTP/ 1.1 /v1/managers/623d3513522042c0d1657936 200 TTM 21.961 ms TRT 22.635 ms 309 PostmanRuntime/7.29.0\n"}
{"level":"info","message":"::1 Fri, 25 Mar 2022 04:13:56 GMT GET HTTP/ 1.1 /v1/managers/623d3513522042c0d1657936 200 TTM 107.094 ms TRT 107.553 ms 298 PostmanRuntime/7.29.0\n"}
{"level":"info","message":"::1 Fri, 25 Mar 2022 04:15:15 GMT GET HTTP/ 1.1 /v1/managers/623d3513522042c0d1657936 200 TTM 26.292 ms TRT 30.817 ms 224 PostmanRuntime/7.29.0\n"}
{"level":"info","message":"::1 Fri, 25 Mar 2022 04:15:27 GMT GET HTTP/ 1.1 /v1/managers/623d3513522042c0d1657936 200 TTM 14.255 ms TRT 14.970 ms 224 PostmanRuntime/7.29.0\n"}
{"level":"info","message":"::1 Fri, 25 Mar 2022 04:15:31 GMT PATCH HTTP/ 1.1 /v1/managers/623d3513522042c0d1657936 200 TTM 37.752 ms TRT 38.235 ms 235 PostmanRuntime/7.29.0\n"}
{"level":"info","message":"::1 Fri, 25 Mar 2022 04:25:12 GMT POST HTTP/ 1.1 /v1/customers 400 TTM 80.654 ms TRT 107.211 ms 116 PostmanRuntime/7.29.0\n"}
{"level":"info","message":"::1 Fri, 25 Mar 2022 04:27:19 GMT POST HTTP/ 1.1 /v1/customers 201 TTM 234.479 ms TRT 236.668 ms 324 PostmanRuntime/7.29.0\n"}
{"level":"info","message":"::1 Fri, 25 Mar 2022 04:35:39 GMT POST HTTP/ 1.1 /v1/customers 201 TTM 299.166 ms TRT 314.564 ms 324 PostmanRuntime/7.29.0\n"}
{"level":"info","message":"::1 Fri, 25 Mar 2022 04:36:46 GMT POST HTTP/ 1.1 /v1/customers 201 TTM 253.547 ms TRT 259.536 ms 324 PostmanRuntime/7.29.0\n"}
{"level":"info","message":"::1 Fri, 25 Mar 2022 04:36:57 GMT POST HTTP/ 1.1 /v1/customers 201 TTM 194.415 ms TRT 198.090 ms 324 PostmanRuntime/7.29.0\n"}
{"level":"info","message":"::1 Fri, 25 Mar 2022 04:37:48 GMT POST HTTP/ 1.1 /v1/customers 400 TTM 25.589 ms TRT 32.835 ms 96 PostmanRuntime/7.29.0\n"}
{"level":"info","message":"::1 Fri, 25 Mar 2022 04:41:31 GMT POST HTTP/ 1.1 /v1/customers 400 TTM 4.750 ms TRT 5.587 ms 90 PostmanRuntime/7.29.0\n"}
{"level":"info","message":"::1 Fri, 25 Mar 2022 04:41:51 GMT POST HTTP/ 1.1 /v1/customers 400 TTM 4.406 ms TRT 5.419 ms 92 PostmanRuntime/7.29.0\n"}
{"level":"info","message":"::1 Fri, 25 Mar 2022 04:42:04 GMT POST HTTP/ 1.1 /v1/customers 201 TTM 260.703 ms TRT 261.233 ms 357 PostmanRuntime/7.29.0\n"}
{"level":"info","message":"::1 Fri, 25 Mar 2022 04:43:12 GMT POST HTTP/ 1.1 /v1/customers 201 TTM 268.235 ms TRT 279.600 ms 357 PostmanRuntime/7.29.0\n"}
{"level":"info","message":"::1 Fri, 25 Mar 2022 04:43:49 GMT POST HTTP/ 1.1 /v1/customers 500 TTM 330.527 ms TRT 338.843 ms 105 PostmanRuntime/7.29.0\n"}
{"level":"info","message":"::1 Fri, 25 Mar 2022 04:45:01 GMT POST HTTP/ 1.1 /v1/customers 201 TTM 260.259 ms TRT 266.058 ms 357 PostmanRuntime/7.29.0\n"}
{"level":"info","message":"::1 Fri, 25 Mar 2022 04:45:54 GMT POST HTTP/ 1.1 /v1/customers 201 TTM 475.048 ms TRT 492.389 ms 357 PostmanRuntime/7.29.0\n"}
{"level":"info","message":"::1 Fri, 25 Mar 2022 04:48:21 GMT POST HTTP/ 1.1 /v1/customers 201 TTM 541.265 ms TRT 554.045 ms 357 PostmanRuntime/7.29.0\n"}
{"level":"info","message":"::1 Fri, 25 Mar 2022 04:48:52 GMT POST HTTP/ 1.1 /v1/customers 201 TTM 499.583 ms TRT 681.531 ms 357 PostmanRuntime/7.29.0\n"}
{"level":"info","message":"::1 Fri, 25 Mar 2022 04:50:28 GMT POST HTTP/ 1.1 /v1/customers 201 TTM 216.225 ms TRT 247.239 ms 357 PostmanRuntime/7.29.0\n"}
{"level":"info","message":"::1 Fri, 25 Mar 2022 04:51:37 GMT POST HTTP/ 1.1 /v1/customers 201 TTM 329.999 ms TRT 354.554 ms 357 PostmanRuntime/7.29.0\n"}
{"level":"info","message":"::1 Fri, 25 Mar 2022 04:52:05 GMT POST HTTP/ 1.1 /v1/customers 201 TTM 196.244 ms TRT 201.412 ms 357 PostmanRuntime/7.29.0\n"}
{"level":"info","message":"::1 Fri, 25 Mar 2022 04:52:57 GMT POST HTTP/ 1.1 /v1/customers 201 TTM 186.843 ms TRT 192.195 ms 357 PostmanRuntime/7.29.0\n"}
{"level":"info","message":"::1 Fri, 25 Mar 2022 04:56:03 GMT POST HTTP/ 1.1 /v1/customers 201 TTM 212.095 ms TRT 218.041 ms 357 PostmanRuntime/7.29.0\n"}
{"level":"info","message":"::1 Fri, 25 Mar 2022 04:56:35 GMT POST HTTP/ 1.1 /v1/customers 400 TTM 118.171 ms TRT 140.057 ms 118 PostmanRuntime/7.29.0\n"}
{"level":"info","message":"::1 Fri, 25 Mar 2022 04:56:58 GMT POST HTTP/ 1.1 /v1/customers 201 TTM 376.534 ms TRT 391.596 ms 357 PostmanRuntime/7.29.0\n"}
{"level":"info","message":"::1 Fri, 25 Mar 2022 05:06:57 GMT POST HTTP/ 1.1 /v1/customers 201 TTM 282.246 ms TRT 297.738 ms 61 PostmanRuntime/7.29.0\n"}
{"level":"info","message":"::1 Fri, 25 Mar 2022 05:08:22 GMT POST HTTP/ 1.1 /v1/customers 201 TTM 192.211 ms TRT 199.922 ms 61 PostmanRuntime/7.29.0\n"}
{"level":"info","message":"::1 Fri, 25 Mar 2022 05:09:18 GMT POST HTTP/ 1.1 /v1/customers 201 TTM 318.824 ms TRT 328.627 ms 61 PostmanRuntime/7.29.0\n"}
{"level":"info","message":"::1 Fri, 25 Mar 2022 05:09:39 GMT POST HTTP/ 1.1 /v1/customers 201 TTM 309.055 ms TRT 320.020 ms 61 PostmanRuntime/7.29.0\n"}
{"level":"info","message":"::1 Fri, 25 Mar 2022 05:10:22 GMT POST HTTP/ 1.1 /v1/customers 201 TTM 306.659 ms TRT 315.514 ms 61 PostmanRuntime/7.29.0\n"}
{"level":"info","message":"::1 Fri, 25 Mar 2022 05:10:51 GMT POST HTTP/ 1.1 /v1/customers 201 TTM 266.548 ms TRT 275.767 ms 284 PostmanRuntime/7.29.0\n"}
{"level":"info","message":"::1 Fri, 25 Mar 2022 05:11:49 GMT POST HTTP/ 1.1 /v1/customers 201 TTM 330.914 ms TRT 345.808 ms 276 PostmanRuntime/7.29.0\n"}
{"level":"info","message":"::1 Fri, 25 Mar 2022 05:11:55 GMT POST HTTP/ 1.1 /v1/customers 400 TTM 58.366 ms TRT 65.674 ms 118 PostmanRuntime/7.29.0\n"}
{"level":"info","message":"::1 Fri, 25 Mar 2022 05:12:39 GMT POST HTTP/ 1.1 /v1/customers 201 TTM 164.251 ms TRT 169.362 ms 273 PostmanRuntime/7.29.0\n"}
{"level":"info","message":"::1 Fri, 25 Mar 2022 05:12:44 GMT POST HTTP/ 1.1 /v1/customers 400 TTM 16.337 ms TRT 17.554 ms 118 PostmanRuntime/7.29.0\n"}
{"level":"info","message":"::1 Fri, 25 Mar 2022 06:07:26 GMT POST HTTP/ 1.1 /v1/complaints 400 TTM 49.720 ms TRT 51.010 ms 86 PostmanRuntime/7.29.0\n"}
{"level":"info","message":"::1 Fri, 25 Mar 2022 06:09:24 GMT GET HTTP/ 1.1 /v1/complaints 200 TTM 8.905 ms TRT 9.357 ms 51 PostmanRuntime/7.29.0\n"}
{"level":"info","message":"::1 Fri, 25 Mar 2022 06:12:41 GMT POST HTTP/ 1.1 /v1/complaints 400 TTM 47.782 ms TRT 51.731 ms 86 PostmanRuntime/7.29.0\n"}
{"level":"info","message":"::1 Fri, 25 Mar 2022 06:13:02 GMT POST HTTP/ 1.1 /v1/complaints 400 TTM 18.694 ms TRT 24.575 ms 94 PostmanRuntime/7.29.0\n"}
{"level":"info","message":"::1 Fri, 25 Mar 2022 06:13:09 GMT POST HTTP/ 1.1 /v1/complaints 400 TTM 101.621 ms TRT 102.578 ms 86 PostmanRuntime/7.29.0\n"}
{"level":"info","message":"::1 Fri, 25 Mar 2022 06:14:17 GMT POST HTTP/ 1.1 /v1/complaints 201 TTM 164.103 ms TRT 171.256 ms 382 PostmanRuntime/7.29.0\n"}
{"level":"info","message":"::1 Fri, 25 Mar 2022 06:15:00 GMT POST HTTP/ 1.1 /v1/complaints 201 TTM 62.516 ms TRT 68.790 ms 374 PostmanRuntime/7.29.0\n"}
{"level":"info","message":"::1 Fri, 25 Mar 2022 06:15:11 GMT GET HTTP/ 1.1 /v1/complaints 200 TTM 13.090 ms TRT 14.014 ms 691 PostmanRuntime/7.29.0\n"}
{"level":"info","message":"::1 Fri, 25 Mar 2022 06:15:58 GMT POST HTTP/ 1.1 /v1/complaints 201 TTM 135.183 ms TRT 150.665 ms 374 PostmanRuntime/7.29.0\n"}
{"level":"info","message":"::1 Fri, 25 Mar 2022 06:16:20 GMT GET HTTP/ 1.1 /v1/complaints/623d5e1eaf89934ea1e87bb7 200 TTM 20.440 ms TRT 21.192 ms 367 PostmanRuntime/7.29.0\n"}
{"level":"info","message":"::1 Fri, 25 Mar 2022 06:17:07 GMT GET HTTP/ 1.1 /v1/complaints/623d5e1eaf89934ea1e87bb7 200 TTM 25.894 ms TRT 31.001 ms 366 PostmanRuntime/7.29.0\n"}
{"level":"info","message":"::1 Fri, 25 Mar 2022 06:17:12 GMT DELETE HTTP/ 1.1 /v1/complaints/623d5e1eaf89934ea1e87bb7 200 TTM 18.257 ms TRT 22.408 ms 54 PostmanRuntime/7.29.0\n"}
{"level":"info","message":"::1 Fri, 25 Mar 2022 06:17:13 GMT DELETE HTTP/ 1.1 /v1/complaints/623d5e1eaf89934ea1e87bb7 404 TTM 12.634 ms TRT 13.111 ms 86 PostmanRuntime/7.29.0\n"}
{"level":"info","message":"::1 Fri, 25 Mar 2022 06:17:24 GMT GET HTTP/ 1.1 /v1/complaints/ 200 TTM 10.690 ms TRT 11.918 ms 692 PostmanRuntime/7.29.0\n"}
{"level":"info","message":"::1 Fri, 25 Mar 2022 06:19:42 GMT PATCH HTTP/ 1.1 /v1/complaints/623d318595e0ff1175c1f181 404 TTM 9.941 ms TRT 10.698 ms 86 PostmanRuntime/7.29.0\n"}
{"level":"info","message":"::1 Fri, 25 Mar 2022 06:20:20 GMT GET HTTP/ 1.1 /v1/complaints 200 TTM 9.102 ms TRT 9.503 ms 692 PostmanRuntime/7.29.0\n"}
{"level":"info","message":"::1 Fri, 25 Mar 2022 06:20:35 GMT GET HTTP/ 1.1 /v1/complaints/623d5db98b369d33a3df24f2 200 TTM 12.637 ms TRT 13.246 ms 375 PostmanRuntime/7.29.0\n"}
{"level":"info","message":"::1 Fri, 25 Mar 2022 06:21:11 GMT PATCH HTTP/ 1.1 /v1/complaints/623d5db98b369d33a3df24f2 200 TTM 81.871 ms TRT 82.368 ms 383 PostmanRuntime/7.29.0\n"}
{"level":"info","message":"::1 Fri, 25 Mar 2022 06:21:16 GMT PATCH HTTP/ 1.1 /v1/complaints/623d5db98b369d33a3df24f2 200 TTM 172.089 ms TRT 172.766 ms 383 PostmanRuntime/7.29.0\n"}
